d:\player\iermu-eapil\debug\iermu-eapil.bsc
d:\player\iermu-eapil\iermu-eapil\debug\iermu-eapil.pch
d:\player\iermu-eapil\iermu-eapil\debug\vc120.pdb
d:\player\iermu-eapil\iermu-eapil\debug\vc120.idb
d:\player\iermu-eapil\iermu-eapil\debug\stdafx.sbr
d:\player\iermu-eapil\iermu-eapil\debug\stdafx.obj
d:\player\iermu-eapil\iermu-eapil\debug\maindlg.sbr
d:\player\iermu-eapil\iermu-eapil\debug\iermu-eapil.sbr
d:\player\iermu-eapil\iermu-eapil\debug\iermu-eapil.obj
d:\player\iermu-eapil\iermu-eapil\debug\maindlg.obj
d:\player\iermu-eapil\iermu-eapil\debug\realwnddlg.sbr
d:\player\iermu-eapil\iermu-eapil\debug\playerdlg.sbr
d:\player\iermu-eapil\iermu-eapil\debug\playerdlg.obj
d:\player\iermu-eapil\iermu-eapil\debug\realwnddlg.obj
d:\player\iermu-eapil\iermu-eapil\res\soui_res.rc2
d:\player\iermu-eapil\debug\iermu-eapil.ilk
d:\player\iermu-eapil\debug\iermu-eapil.exe
d:\player\iermu-eapil\debug\iermu-eapil.pdb
d:\player\iermu-eapil\iermu-eapil\debug\iermu-eapil.res
d:\player\iermu-eapil\iermu-eapil\debug\iermu-eapil.tlog\bscmake.command.1.tlog
d:\player\iermu-eapil\iermu-eapil\debug\iermu-eapil.tlog\bscmake.read.1.tlog
d:\player\iermu-eapil\iermu-eapil\debug\iermu-eapil.tlog\bscmake.write.1.tlog
d:\player\iermu-eapil\iermu-eapil\debug\iermu-eapil.tlog\cl.command.1.tlog
d:\player\iermu-eapil\iermu-eapil\debug\iermu-eapil.tlog\cl.read.1.tlog
d:\player\iermu-eapil\iermu-eapil\debug\iermu-eapil.tlog\cl.write.1.tlog
d:\player\iermu-eapil\iermu-eapil\debug\iermu-eapil.tlog\custombuild.command.1.tlog
d:\player\iermu-eapil\iermu-eapil\debug\iermu-eapil.tlog\custombuild.read.1.tlog
d:\player\iermu-eapil\iermu-eapil\debug\iermu-eapil.tlog\custombuild.write.1.tlog
d:\player\iermu-eapil\iermu-eapil\debug\iermu-eapil.tlog\link.972-cvtres.read.1.tlog
d:\player\iermu-eapil\iermu-eapil\debug\iermu-eapil.tlog\link.972-cvtres.write.1.tlog
d:\player\iermu-eapil\iermu-eapil\debug\iermu-eapil.tlog\link.972-rc.read.1.tlog
d:\player\iermu-eapil\iermu-eapil\debug\iermu-eapil.tlog\link.972-rc.write.1.tlog
d:\player\iermu-eapil\iermu-eapil\debug\iermu-eapil.tlog\link.972.read.1.tlog
d:\player\iermu-eapil\iermu-eapil\debug\iermu-eapil.tlog\link.972.write.1.tlog
d:\player\iermu-eapil\iermu-eapil\debug\iermu-eapil.tlog\link.command.1.tlog
d:\player\iermu-eapil\iermu-eapil\debug\iermu-eapil.tlog\link.read.1.tlog
d:\player\iermu-eapil\iermu-eapil\debug\iermu-eapil.tlog\link.write.1.tlog
d:\player\iermu-eapil\iermu-eapil\debug\iermu-eapil.tlog\rc.command.1.tlog
d:\player\iermu-eapil\iermu-eapil\debug\iermu-eapil.tlog\rc.read.1.tlog
d:\player\iermu-eapil\iermu-eapil\debug\iermu-eapil.tlog\rc.write.1.tlog
